<?xml version="1.0" encoding="UTF-8"?>
<!-- Generated by org.testng.reporters.JUnitReportReporter -->
<testsuite hostname="DESKTOP-G7980L0" failures="0" tests="2" name="Testing.org.TestScripts.Tc1" time="15.111" errors="0" timestamp="14 Jan 2022 16:06:11 GMT">
  <testcase classname="Testing.org.TestScripts.Tc1" name="abc" time="3.257"/>
  <testcase classname="Testing.org.TestScripts.Tc1" name="login" time="11.854"/>
</testsuite> <!-- Testing.org.TestScripts.Tc1 -->
