<?xml version="1.0" encoding="UTF-8"?>
<!-- Generated by org.testng.reporters.JUnitReportReporter -->
<testsuite hostname="DESKTOP-G7980L0" failures="0" tests="1" name="Testing.org.Base.BaseClass" time="8.878" errors="0" timestamp="14 Jan 2022 13:39:09 GMT">
  <testcase classname="Testing.org.Base.BaseClass" name="propertiesfile" time="8.878"/>
</testsuite> <!-- Testing.org.Base.BaseClass -->
